# JRE version: Java(TM) SE Runtime Environment (8.0_131-b11) (build 1.8.0_131-b11)
# Java VM: Java HotSpot(TM) Client VM (25.131-b11 mixed mode windows-x86 )
Heap:
 def new generation   total 15808K, used 12217K [0x04000000, 0x05120000, 0x09550000)
  eden space 14080K,  81% used [0x04000000, 0x04b239a8, 0x04dc0000)
  from space 1728K,  46% used [0x04dc0000, 0x04e8ab28, 0x04f70000)
  to   space 1728K,   0% used [0x04f70000, 0x04f70000, 0x05120000)
 tenured generation   total 34968K, used 21576K [0x09550000, 0x0b776000, 0x14000000)
   the space 34968K,  61% used [0x09550000, 0x0aa62390, 0x0aa62400, 0x0b776000)
 Metaspace       used 26599K, capacity 27359K, committed 27392K, reserved 28032K
GC Heap History (10 events):
Event: 3421.363 GC heap before
{Heap before GC invocations=112 (full 7):
 def new generation   total 15808K, used 14080K [0x04000000, 0x05120000, 0x09550000)
  eden space 14080K, 100% used [0x04000000, 0x04dc0000, 0x04dc0000)
  from space 1728K,   0% used [0x04f70000, 0x04f70000, 0x05120000)
  to   space 1728K,   0% used [0x04dc0000, 0x04dc0000, 0x04f70000)
 tenured generation   total 34968K, used 20813K [0x09550000, 0x0b776000, 0x14000000)
   the space 34968K,  59% used [0x09550000, 0x0a9a37a0, 0x0a9a3800, 0x0b776000)
 Metaspace       used 26565K, capacity 27318K, committed 27392K, reserved 28032K
Event: 3421.366 GC heap after
Heap after GC invocations=113 (full 7):
 def new generation   total 15808K, used 558K [0x04000000, 0x05120000, 0x09550000)
  eden space 14080K,   0% used [0x04000000, 0x04000000, 0x04dc0000)
  from space 1728K,  32% used [0x04dc0000, 0x04e4b940, 0x04f70000)
  to   space 1728K,   0% used [0x04f70000, 0x04f70000, 0x05120000)
 tenured generation   total 34968K, used 20813K [0x09550000, 0x0b776000, 0x14000000)
   the space 34968K,  59% used [0x09550000, 0x0a9a37a0, 0x0a9a3800, 0x0b776000)
 Metaspace       used 26565K, capacity 27318K, committed 27392K, reserved 28032K
}
Event: 3421.490 GC heap before
{Heap before GC invocations=113 (full 7):
 def new generation   total 15808K, used 14638K [0x04000000, 0x05120000, 0x09550000)
  eden space 14080K, 100% used [0x04000000, 0x04dc0000, 0x04dc0000)
  from space 1728K,  32% used [0x04dc0000, 0x04e4b940, 0x04f70000)
  to   space 1728K,   0% used [0x04f70000, 0x04f70000, 0x05120000)
 tenured generation   total 34968K, used 20813K [0x09550000, 0x0b776000, 0x14000000)
   the space 34968K,  59% used [0x09550000, 0x0a9a37a0, 0x0a9a3800, 0x0b776000)
 Metaspace       used 26572K, capacity 27356K, committed 27392K, reserved 28032K
Event: 3421.493 GC heap after
Heap after GC invocations=114 (full 7):
 def new generation   total 15808K, used 920K [0x04000000, 0x05120000, 0x09550000)
  eden space 14080K,   0% used [0x04000000, 0x04000000, 0x04dc0000)
  from space 1728K,  53% used [0x04f70000, 0x05056030, 0x05120000)
  to   space 1728K,   0% used [0x04dc0000, 0x04dc0000, 0x04f70000)
 tenured generation   total 34968K, used 20813K [0x09550000, 0x0b776000, 0x14000000)
   the space 34968K,  59% used [0x09550000, 0x0a9a37a0, 0x0a9a3800, 0x0b776000)
 Metaspace       used 26572K, capacity 27356K, committed 27392K, reserved 28032K
}
Event: 3421.596 GC heap before
{Heap before GC invocations=114 (full 7):
 def new generation   total 15808K, used 15000K [0x04000000, 0x05120000, 0x09550000)
  eden space 14080K, 100% used [0x04000000, 0x04dc0000, 0x04dc0000)
  from space 1728K,  53% used [0x04f70000, 0x05056030, 0x05120000)
  to   space 1728K,   0% used [0x04dc0000, 0x04dc0000, 0x04f70000)
 tenured generation   total 34968K, used 20813K [0x09550000, 0x0b776000, 0x14000000)
   the space 34968K,  59% used [0x09550000, 0x0a9a37a0, 0x0a9a3800, 0x0b776000)
 Metaspace       used 26572K, capacity 27356K, committed 27392K, reserved 28032K
Event: 3421.599 GC heap after
Heap after GC invocations=115 (full 7):
 def new generation   total 15808K, used 723K [0x04000000, 0x05120000, 0x09550000)
  eden space 14080K,   0% used [0x04000000, 0x04000000, 0x04dc0000)
  from space 1728K,  41% used [0x04dc0000, 0x04e74d88, 0x04f70000)
  to   space 1728K,   0% used [0x04f70000, 0x04f70000, 0x05120000)
 tenured generation   total 34968K, used 21262K [0x09550000, 0x0b776000, 0x14000000)
   the space 34968K,  60% used [0x09550000, 0x0aa13860, 0x0aa13a00, 0x0b776000)
 Metaspace       used 26572K, capacity 27356K, committed 27392K, reserved 28032K
}
Event: 3421.713 GC heap before
{Heap before GC invocations=115 (full 7):
 def new generation   total 15808K, used 14803K [0x04000000, 0x05120000, 0x09550000)
  eden space 14080K, 100% used [0x04000000, 0x04dc0000, 0x04dc0000)
  from space 1728K,  41% used [0x04dc0000, 0x04e74d88, 0x04f70000)
  to   space 1728K,   0% used [0x04f70000, 0x04f70000, 0x05120000)
 tenured generation   total 34968K, used 21262K [0x09550000, 0x0b776000, 0x14000000)
   the space 34968K,  60% used [0x09550000, 0x0aa13860, 0x0aa13a00, 0x0b776000)
 Metaspace       used 26572K, capacity 27356K, committed 27392K, reserved 28032K
Event: 3421.716 GC heap after
Heap after GC invocations=116 (full 7):
 def new generation   total 15808K, used 889K [0x04000000, 0x05120000, 0x09550000)
  eden space 14080K,   0% used [0x04000000, 0x04000000, 0x04dc0000)
  from space 1728K,  51% used [0x04f70000, 0x0504e510, 0x05120000)
  to   space 1728K,   0% used [0x04dc0000, 0x04dc0000, 0x04f70000)
 tenured generation   total 34968K, used 21262K [0x09550000, 0x0b776000, 0x14000000)
   the space 34968K,  60% used [0x09550000, 0x0aa13860, 0x0aa13a00, 0x0b776000)
 Metaspace       used 26572K, capacity 27356K, committed 27392K, reserved 28032K
}
Event: 3421.848 GC heap before
{Heap before GC invocations=116 (full 7):
 def new generation   total 15808K, used 14969K [0x04000000, 0x05120000, 0x09550000)
  eden space 14080K, 100% used [0x04000000, 0x04dc0000, 0x04dc0000)
  from space 1728K,  51% used [0x04f70000, 0x0504e510, 0x05120000)
  to   space 1728K,   0% used [0x04dc0000, 0x04dc0000, 0x04f70000)
 tenured generation   total 34968K, used 21262K [0x09550000, 0x0b776000, 0x14000000)
   the space 34968K,  60% used [0x09550000, 0x0aa13860, 0x0aa13a00, 0x0b776000)
 Metaspace       used 26572K, capacity 27356K, committed 27392K, reserved 28032K
Event: 3421.852 GC heap after
Heap after GC invocations=117 (full 7):
 def new generation   total 15808K, used 810K [0x04000000, 0x05120000, 0x09550000)
  eden space 14080K,   0% used [0x04000000, 0x04000000, 0x04dc0000)
  from space 1728K,  46% used [0x04dc0000, 0x04e8ab28, 0x04f70000)
  to   space 1728K,   0% used [0x04f70000, 0x04f70000, 0x05120000)
 tenured generation   total 34968K, used 21576K [0x09550000, 0x0b776000, 0x14000000)
   the space 34968K,  61% used [0x09550000, 0x0aa62390, 0x0aa62400, 0x0b776000)
 Metaspace       used 26572K, capacity 27356K, committed 27392K, reserved 28032K
}

